Solid Edge Translation to STEP
Date: Sonntag,Februar 18,2024 10:28PM
Output File: C:\Users\hidbe\OneDrive\Documents\_my_Documents\13 Nulleinsteller\DATA OUT\2024.02.18 Utilis\HI10001136_B.stp
Author: Unknown
Organization: Unknown
Source System: Solid Edge

Hardware:
Processor: Intel(R) Core(TM) i7-9700 CPU @ 3.00GHz
Operating System: Windows 10 Professional Version:22H2 Build:19045 System Type:64-bit
Installed Memory: 15.91 GB

Software Information
Parasolid Version: 35.0.239
PSBodyShop Version: 35.0.102
Step Adapter Version: 11.0.157
Solid Edge Version: 223.00.05.006 x64

STEP Export Options
Export Format: AP214
Export Construction Sheets: Off
Export Construction Solids: Off
Export Construction Wires: Off
Export Displayed Parts Only: On
Export Units: Millimeters
Export Part Component Names As Unicode: Off
Export PMI: Off

Phase 1 of 1 Translating Parasolid to foreign data types...
Translation process completed
Time required to translate:00 : 00 : 01
